/mlcv2/WorkingSpace/Personal/quannh/Project/Project/Track4_AIC_FishEyecamera/code/model/DEIM/sanity_check.cpp:48:64: error: 'destroy' is not a member of 'nvinfer1'; did you mean 'std::destroy'?
   48 |     std::unique_ptr<nvinfer1::ICudaEngine, decltype(&nvinfer1::destroy)> engine;
      |                                                                ^~~~~~~
In file included from /usr/include/c++/11/memory:144,
                 from /mlcv2/WorkingSpace/Personal/quannh/Project/Project/Track4_AIC_FishEyecamera/code/model/DEIM/lib/libtorch/include/c10/util/Backtrace.h:5,
                 from /mlcv2/WorkingSpace/Personal/quannh/Project/Project/Track4_AIC_FishEyecamera/code/model/DEIM/lib/libtorch/include/c10/util/Exception.h:6,
                 from /mlcv2/WorkingSpace/Personal/quannh/Project/Project/Track4_AIC_FishEyecamera/code/model/DEIM/lib/libtorch/include/c10/core/Device.h:5,
                 from /mlcv2/WorkingSpace/Personal/quannh/Project/Project/Track4_AIC_FishEyecamera/code/model/DEIM/lib/libtorch/include/ATen/core/TensorBody.h:11,
                 from /mlcv2/WorkingSpace/Personal/quannh/Project/Project/Track4_AIC_FishEyecamera/code/model/DEIM/lib/libtorch/include/ATen/core/Tensor.h:3,
                 from /mlcv2/WorkingSpace/Personal/quannh/Project/Project/Track4_AIC_FishEyecamera/code/model/DEIM/lib/libtorch/include/ATen/Tensor.h:3,
                 from /mlcv2/WorkingSpace/Personal/quannh/Project/Project/Track4_AIC_FishEyecamera/code/model/DEIM/lib/libtorch/include/torch/csrc/autograd/function_hook.h:3,
                 from /mlcv2/WorkingSpace/Personal/quannh/Project/Project/Track4_AIC_FishEyecamera/code/model/DEIM/lib/libtorch/include/torch/csrc/autograd/cpp_hook.h:2,
                 from /mlcv2/WorkingSpace/Personal/quannh/Project/Project/Track4_AIC_FishEyecamera/code/model/DEIM/lib/libtorch/include/torch/csrc/autograd/variable.h:6,
                 from /mlcv2/WorkingSpace/Personal/quannh/Project/Project/Track4_AIC_FishEyecamera/code/model/DEIM/lib/libtorch/include/torch/csrc/autograd/autograd.h:3,
                 from /mlcv2/WorkingSpace/Personal/quannh/Project/Project/Track4_AIC_FishEyecamera/code/model/DEIM/lib/libtorch/include/torch/csrc/api/include/torch/autograd.h:3,
                 from /mlcv2/WorkingSpace/Personal/quannh/Project/Project/Track4_AIC_FishEyecamera/code/model/DEIM/lib/libtorch/include/torch/csrc/api/include/torch/all.h:7,
                 from /mlcv2/WorkingSpace/Personal/quannh/Project/Project/Track4_AIC_FishEyecamera/code/model/DEIM/lib/libtorch/include/torch/csrc/api/include/torch/torch.h:3,
                 from /mlcv2/WorkingSpace/Personal/quannh/Project/Project/Track4_AIC_FishEyecamera/code/model/DEIM/sanity_check.cpp:1:
/usr/include/c++/11/pstl/glue_memory_defs.h:52:1: note: 'std::destroy' declared here
   52 | destroy(_ExecutionPolicy&& __exec, _ForwardIterator __first, _ForwardIterator __last);
      | ^~~~~~~
/mlcv2/WorkingSpace/Personal/quannh/Project/Project/Track4_AIC_FishEyecamera/code/model/DEIM/sanity_check.cpp:48:72: error: template argument 2 is invalid
   48 |     std::unique_ptr<nvinfer1::ICudaEngine, decltype(&nvinfer1::destroy)> engine;
      |                                                                        ^
/mlcv2/WorkingSpace/Personal/quannh/Project/Project/Track4_AIC_FishEyecamera/code/model/DEIM/sanity_check.cpp:49:70: error: 'destroy' is not a member of 'nvinfer1'; did you mean 'std::destroy'?
   49 |     std::unique_ptr<nvinfer1::IExecutionContext, decltype(&nvinfer1::destroy)> context;
      |                                                                      ^~~~~~~
In file included from /usr/include/c++/11/memory:144,
                 from /mlcv2/WorkingSpace/Personal/quannh/Project/Project/Track4_AIC_FishEyecamera/code/model/DEIM/lib/libtorch/include/c10/util/Backtrace.h:5,
                 from /mlcv2/WorkingSpace/Personal/quannh/Project/Project/Track4_AIC_FishEyecamera/code/model/DEIM/lib/libtorch/include/c10/util/Exception.h:6,
                 from /mlcv2/WorkingSpace/Personal/quannh/Project/Project/Track4_AIC_FishEyecamera/code/model/DEIM/lib/libtorch/include/c10/core/Device.h:5,
                 from /mlcv2/WorkingSpace/Personal/quannh/Project/Project/Track4_AIC_FishEyecamera/code/model/DEIM/lib/libtorch/include/ATen/core/TensorBody.h:11,
                 from /mlcv2/WorkingSpace/Personal/quannh/Project/Project/Track4_AIC_FishEyecamera/code/model/DEIM/lib/libtorch/include/ATen/core/Tensor.h:3,
                 from /mlcv2/WorkingSpace/Personal/quannh/Project/Project/Track4_AIC_FishEyecamera/code/model/DEIM/lib/libtorch/include/ATen/Tensor.h:3,
                 from /mlcv2/WorkingSpace/Personal/quannh/Project/Project/Track4_AIC_FishEyecamera/code/model/DEIM/lib/libtorch/include/torch/csrc/autograd/function_hook.h:3,
                 from /mlcv2/WorkingSpace/Personal/quannh/Project/Project/Track4_AIC_FishEyecamera/code/model/DEIM/lib/libtorch/include/torch/csrc/autograd/cpp_hook.h:2,
                 from /mlcv2/WorkingSpace/Personal/quannh/Project/Project/Track4_AIC_FishEyecamera/code/model/DEIM/lib/libtorch/include/torch/csrc/autograd/variable.h:6,
                 from /mlcv2/WorkingSpace/Personal/quannh/Project/Project/Track4_AIC_FishEyecamera/code/model/DEIM/lib/libtorch/include/torch/csrc/autograd/autograd.h:3,
                 from /mlcv2/WorkingSpace/Personal/quannh/Project/Project/Track4_AIC_FishEyecamera/code/model/DEIM/lib/libtorch/include/torch/csrc/api/include/torch/autograd.h:3,
                 from /mlcv2/WorkingSpace/Personal/quannh/Project/Project/Track4_AIC_FishEyecamera/code/model/DEIM/lib/libtorch/include/torch/csrc/api/include/torch/all.h:7,
                 from /mlcv2/WorkingSpace/Personal/quannh/Project/Project/Track4_AIC_FishEyecamera/code/model/DEIM/lib/libtorch/include/torch/csrc/api/include/torch/torch.h:3,
                 from /mlcv2/WorkingSpace/Personal/quannh/Project/Project/Track4_AIC_FishEyecamera/code/model/DEIM/sanity_check.cpp:1:
/usr/include/c++/11/pstl/glue_memory_defs.h:52:1: note: 'std::destroy' declared here
   52 | destroy(_ExecutionPolicy&& __exec, _ForwardIterator __first, _ForwardIterator __last);
      | ^~~~~~~
/mlcv2/WorkingSpace/Personal/quannh/Project/Project/Track4_AIC_FishEyecamera/code/model/DEIM/sanity_check.cpp:49:78: error: template argument 2 is invalid
   49 |     std::unique_ptr<nvinfer1::IExecutionContext, decltype(&nvinfer1::destroy)> context;
      |                                                                              ^
/mlcv2/WorkingSpace/Personal/quannh/Project/Project/Track4_AIC_FishEyecamera/code/model/DEIM/sanity_check.cpp: In constructor 'TensorRTEngine::TensorRTEngine()':
/mlcv2/WorkingSpace/Personal/quannh/Project/Project/Track4_AIC_FishEyecamera/code/model/DEIM/sanity_check.cpp:62:50: error: 'destroy' is not a member of 'nvinfer1'; did you mean 'std::destroy'?
   62 |     TensorRTEngine() : engine(nullptr, nvinfer1::destroy), context(nullptr, nvinfer1::destroy) {}
      |                                                  ^~~~~~~
In file included from /usr/include/c++/11/memory:144,
                 from /mlcv2/WorkingSpace/Personal/quannh/Project/Project/Track4_AIC_FishEyecamera/code/model/DEIM/lib/libtorch/include/c10/util/Backtrace.h:5,
                 from /mlcv2/WorkingSpace/Personal/quannh/Project/Project/Track4_AIC_FishEyecamera/code/model/DEIM/lib/libtorch/include/c10/util/Exception.h:6,
                 from /mlcv2/WorkingSpace/Personal/quannh/Project/Project/Track4_AIC_FishEyecamera/code/model/DEIM/lib/libtorch/include/c10/core/Device.h:5,
                 from /mlcv2/WorkingSpace/Personal/quannh/Project/Project/Track4_AIC_FishEyecamera/code/model/DEIM/lib/libtorch/include/ATen/core/TensorBody.h:11,
                 from /mlcv2/WorkingSpace/Personal/quannh/Project/Project/Track4_AIC_FishEyecamera/code/model/DEIM/lib/libtorch/include/ATen/core/Tensor.h:3,
                 from /mlcv2/WorkingSpace/Personal/quannh/Project/Project/Track4_AIC_FishEyecamera/code/model/DEIM/lib/libtorch/include/ATen/Tensor.h:3,
                 from /mlcv2/WorkingSpace/Personal/quannh/Project/Project/Track4_AIC_FishEyecamera/code/model/DEIM/lib/libtorch/include/torch/csrc/autograd/function_hook.h:3,
                 from /mlcv2/WorkingSpace/Personal/quannh/Project/Project/Track4_AIC_FishEyecamera/code/model/DEIM/lib/libtorch/include/torch/csrc/autograd/cpp_hook.h:2,
                 from /mlcv2/WorkingSpace/Personal/quannh/Project/Project/Track4_AIC_FishEyecamera/code/model/DEIM/lib/libtorch/include/torch/csrc/autograd/variable.h:6,
                 from /mlcv2/WorkingSpace/Personal/quannh/Project/Project/Track4_AIC_FishEyecamera/code/model/DEIM/lib/libtorch/include/torch/csrc/autograd/autograd.h:3,
                 from /mlcv2/WorkingSpace/Personal/quannh/Project/Project/Track4_AIC_FishEyecamera/code/model/DEIM/lib/libtorch/include/torch/csrc/api/include/torch/autograd.h:3,
                 from /mlcv2/WorkingSpace/Personal/quannh/Project/Project/Track4_AIC_FishEyecamera/code/model/DEIM/lib/libtorch/include/torch/csrc/api/include/torch/all.h:7,
                 from /mlcv2/WorkingSpace/Personal/quannh/Project/Project/Track4_AIC_FishEyecamera/code/model/DEIM/lib/libtorch/include/torch/csrc/api/include/torch/torch.h:3,
                 from /mlcv2/WorkingSpace/Personal/quannh/Project/Project/Track4_AIC_FishEyecamera/code/model/DEIM/sanity_check.cpp:1:
/usr/include/c++/11/pstl/glue_memory_defs.h:52:1: note: 'std::destroy' declared here
   52 | destroy(_ExecutionPolicy&& __exec, _ForwardIterator __first, _ForwardIterator __last);
      | ^~~~~~~
/mlcv2/WorkingSpace/Personal/quannh/Project/Project/Track4_AIC_FishEyecamera/code/model/DEIM/sanity_check.cpp:62:87: error: 'destroy' is not a member of 'nvinfer1'; did you mean 'std::destroy'?
   62 |     TensorRTEngine() : engine(nullptr, nvinfer1::destroy), context(nullptr, nvinfer1::destroy) {}
      |                                                                                       ^~~~~~~
In file included from /usr/include/c++/11/memory:144,
                 from /mlcv2/WorkingSpace/Personal/quannh/Project/Project/Track4_AIC_FishEyecamera/code/model/DEIM/lib/libtorch/include/c10/util/Backtrace.h:5,
                 from /mlcv2/WorkingSpace/Personal/quannh/Project/Project/Track4_AIC_FishEyecamera/code/model/DEIM/lib/libtorch/include/c10/util/Exception.h:6,
                 from /mlcv2/WorkingSpace/Personal/quannh/Project/Project/Track4_AIC_FishEyecamera/code/model/DEIM/lib/libtorch/include/c10/core/Device.h:5,
                 from /mlcv2/WorkingSpace/Personal/quannh/Project/Project/Track4_AIC_FishEyecamera/code/model/DEIM/lib/libtorch/include/ATen/core/TensorBody.h:11,
                 from /mlcv2/WorkingSpace/Personal/quannh/Project/Project/Track4_AIC_FishEyecamera/code/model/DEIM/lib/libtorch/include/ATen/core/Tensor.h:3,
                 from /mlcv2/WorkingSpace/Personal/quannh/Project/Project/Track4_AIC_FishEyecamera/code/model/DEIM/lib/libtorch/include/ATen/Tensor.h:3,
                 from /mlcv2/WorkingSpace/Personal/quannh/Project/Project/Track4_AIC_FishEyecamera/code/model/DEIM/lib/libtorch/include/torch/csrc/autograd/function_hook.h:3,
                 from /mlcv2/WorkingSpace/Personal/quannh/Project/Project/Track4_AIC_FishEyecamera/code/model/DEIM/lib/libtorch/include/torch/csrc/autograd/cpp_hook.h:2,
                 from /mlcv2/WorkingSpace/Personal/quannh/Project/Project/Track4_AIC_FishEyecamera/code/model/DEIM/lib/libtorch/include/torch/csrc/autograd/variable.h:6,
                 from /mlcv2/WorkingSpace/Personal/quannh/Project/Project/Track4_AIC_FishEyecamera/code/model/DEIM/lib/libtorch/include/torch/csrc/autograd/autograd.h:3,
                 from /mlcv2/WorkingSpace/Personal/quannh/Project/Project/Track4_AIC_FishEyecamera/code/model/DEIM/lib/libtorch/include/torch/csrc/api/include/torch/autograd.h:3,
                 from /mlcv2/WorkingSpace/Personal/quannh/Project/Project/Track4_AIC_FishEyecamera/code/model/DEIM/lib/libtorch/include/torch/csrc/api/include/torch/all.h:7,
                 from /mlcv2/WorkingSpace/Personal/quannh/Project/Project/Track4_AIC_FishEyecamera/code/model/DEIM/lib/libtorch/include/torch/csrc/api/include/torch/torch.h:3,
                 from /mlcv2/WorkingSpace/Personal/quannh/Project/Project/Track4_AIC_FishEyecamera/code/model/DEIM/sanity_check.cpp:1:
/usr/include/c++/11/pstl/glue_memory_defs.h:52:1: note: 'std::destroy' declared here
   52 | destroy(_ExecutionPolicy&& __exec, _ForwardIterator __first, _ForwardIterator __last);
      | ^~~~~~~
/mlcv2/WorkingSpace/Personal/quannh/Project/Project/Track4_AIC_FishEyecamera/code/model/DEIM/sanity_check.cpp:62:24: error: expression list treated as compound expression in mem-initializer [-fpermissive]
   62 |     TensorRTEngine() : engine(nullptr, nvinfer1::destroy), context(nullptr, nvinfer1::destroy) {}
      |                        ^~~~~~~~~~~~~~~~~~~~~~~~~~~~~~~~~~
/mlcv2/WorkingSpace/Personal/quannh/Project/Project/Track4_AIC_FishEyecamera/code/model/DEIM/sanity_check.cpp:62:60: error: expression list treated as compound expression in mem-initializer [-fpermissive]
   62 |     TensorRTEngine() : engine(nullptr, nvinfer1::destroy), context(nullptr, nvinfer1::destroy) {}
      |                                                            ^~~~~~~~~~~~~~~~~~~~~~~~~~~~~~~~~~~
/mlcv2/WorkingSpace/Personal/quannh/Project/Project/Track4_AIC_FishEyecamera/code/model/DEIM/sanity_check.cpp: In member function 'bool TensorRTEngine::loadEngine(const string&)':
/mlcv2/WorkingSpace/Personal/quannh/Project/Project/Track4_AIC_FishEyecamera/code/model/DEIM/sanity_check.cpp:81:65: error: 'destroy' is not a member of 'nvinfer1'; did you mean 'std::destroy'?
   81 |         std::unique_ptr<nvinfer1::IRuntime, decltype(&nvinfer1::destroy)> runtime(
      |                                                                 ^~~~~~~
In file included from /usr/include/c++/11/memory:144,
                 from /mlcv2/WorkingSpace/Personal/quannh/Project/Project/Track4_AIC_FishEyecamera/code/model/DEIM/lib/libtorch/include/c10/util/Backtrace.h:5,
                 from /mlcv2/WorkingSpace/Personal/quannh/Project/Project/Track4_AIC_FishEyecamera/code/model/DEIM/lib/libtorch/include/c10/util/Exception.h:6,
                 from /mlcv2/WorkingSpace/Personal/quannh/Project/Project/Track4_AIC_FishEyecamera/code/model/DEIM/lib/libtorch/include/c10/core/Device.h:5,
                 from /mlcv2/WorkingSpace/Personal/quannh/Project/Project/Track4_AIC_FishEyecamera/code/model/DEIM/lib/libtorch/include/ATen/core/TensorBody.h:11,
                 from /mlcv2/WorkingSpace/Personal/quannh/Project/Project/Track4_AIC_FishEyecamera/code/model/DEIM/lib/libtorch/include/ATen/core/Tensor.h:3,
                 from /mlcv2/WorkingSpace/Personal/quannh/Project/Project/Track4_AIC_FishEyecamera/code/model/DEIM/lib/libtorch/include/ATen/Tensor.h:3,
                 from /mlcv2/WorkingSpace/Personal/quannh/Project/Project/Track4_AIC_FishEyecamera/code/model/DEIM/lib/libtorch/include/torch/csrc/autograd/function_hook.h:3,
                 from /mlcv2/WorkingSpace/Personal/quannh/Project/Project/Track4_AIC_FishEyecamera/code/model/DEIM/lib/libtorch/include/torch/csrc/autograd/cpp_hook.h:2,
                 from /mlcv2/WorkingSpace/Personal/quannh/Project/Project/Track4_AIC_FishEyecamera/code/model/DEIM/lib/libtorch/include/torch/csrc/autograd/variable.h:6,
                 from /mlcv2/WorkingSpace/Personal/quannh/Project/Project/Track4_AIC_FishEyecamera/code/model/DEIM/lib/libtorch/include/torch/csrc/autograd/autograd.h:3,
                 from /mlcv2/WorkingSpace/Personal/quannh/Project/Project/Track4_AIC_FishEyecamera/code/model/DEIM/lib/libtorch/include/torch/csrc/api/include/torch/autograd.h:3,
                 from /mlcv2/WorkingSpace/Personal/quannh/Project/Project/Track4_AIC_FishEyecamera/code/model/DEIM/lib/libtorch/include/torch/csrc/api/include/torch/all.h:7,
                 from /mlcv2/WorkingSpace/Personal/quannh/Project/Project/Track4_AIC_FishEyecamera/code/model/DEIM/lib/libtorch/include/torch/csrc/api/include/torch/torch.h:3,
                 from /mlcv2/WorkingSpace/Personal/quannh/Project/Project/Track4_AIC_FishEyecamera/code/model/DEIM/sanity_check.cpp:1:
/usr/include/c++/11/pstl/glue_memory_defs.h:52:1: note: 'std::destroy' declared here
   52 | destroy(_ExecutionPolicy&& __exec, _ForwardIterator __first, _ForwardIterator __last);
      | ^~~~~~~
/mlcv2/WorkingSpace/Personal/quannh/Project/Project/Track4_AIC_FishEyecamera/code/model/DEIM/sanity_check.cpp:81:73: error: template argument 2 is invalid
   81 |         std::unique_ptr<nvinfer1::IRuntime, decltype(&nvinfer1::destroy)> runtime(
      |                                                                         ^
/mlcv2/WorkingSpace/Personal/quannh/Project/Project/Track4_AIC_FishEyecamera/code/model/DEIM/sanity_check.cpp:82:62: error: 'destroy' is not a member of 'nvinfer1'; did you mean 'std::destroy'?
   82 |             nvinfer1::createInferRuntime(gLogger), nvinfer1::destroy);
      |                                                              ^~~~~~~
In file included from /usr/include/c++/11/memory:144,
                 from /mlcv2/WorkingSpace/Personal/quannh/Project/Project/Track4_AIC_FishEyecamera/code/model/DEIM/lib/libtorch/include/c10/util/Backtrace.h:5,
                 from /mlcv2/WorkingSpace/Personal/quannh/Project/Project/Track4_AIC_FishEyecamera/code/model/DEIM/lib/libtorch/include/c10/util/Exception.h:6,
                 from /mlcv2/WorkingSpace/Personal/quannh/Project/Project/Track4_AIC_FishEyecamera/code/model/DEIM/lib/libtorch/include/c10/core/Device.h:5,
                 from /mlcv2/WorkingSpace/Personal/quannh/Project/Project/Track4_AIC_FishEyecamera/code/model/DEIM/lib/libtorch/include/ATen/core/TensorBody.h:11,
                 from /mlcv2/WorkingSpace/Personal/quannh/Project/Project/Track4_AIC_FishEyecamera/code/model/DEIM/lib/libtorch/include/ATen/core/Tensor.h:3,
                 from /mlcv2/WorkingSpace/Personal/quannh/Project/Project/Track4_AIC_FishEyecamera/code/model/DEIM/lib/libtorch/include/ATen/Tensor.h:3,
                 from /mlcv2/WorkingSpace/Personal/quannh/Project/Project/Track4_AIC_FishEyecamera/code/model/DEIM/lib/libtorch/include/torch/csrc/autograd/function_hook.h:3,
                 from /mlcv2/WorkingSpace/Personal/quannh/Project/Project/Track4_AIC_FishEyecamera/code/model/DEIM/lib/libtorch/include/torch/csrc/autograd/cpp_hook.h:2,
                 from /mlcv2/WorkingSpace/Personal/quannh/Project/Project/Track4_AIC_FishEyecamera/code/model/DEIM/lib/libtorch/include/torch/csrc/autograd/variable.h:6,
                 from /mlcv2/WorkingSpace/Personal/quannh/Project/Project/Track4_AIC_FishEyecamera/code/model/DEIM/lib/libtorch/include/torch/csrc/autograd/autograd.h:3,
                 from /mlcv2/WorkingSpace/Personal/quannh/Project/Project/Track4_AIC_FishEyecamera/code/model/DEIM/lib/libtorch/include/torch/csrc/api/include/torch/autograd.h:3,
                 from /mlcv2/WorkingSpace/Personal/quannh/Project/Project/Track4_AIC_FishEyecamera/code/model/DEIM/lib/libtorch/include/torch/csrc/api/include/torch/all.h:7,
                 from /mlcv2/WorkingSpace/Personal/quannh/Project/Project/Track4_AIC_FishEyecamera/code/model/DEIM/lib/libtorch/include/torch/csrc/api/include/torch/torch.h:3,
                 from /mlcv2/WorkingSpace/Personal/quannh/Project/Project/Track4_AIC_FishEyecamera/code/model/DEIM/sanity_check.cpp:1:
/usr/include/c++/11/pstl/glue_memory_defs.h:52:1: note: 'std::destroy' declared here
   52 | destroy(_ExecutionPolicy&& __exec, _ForwardIterator __first, _ForwardIterator __last);
      | ^~~~~~~
/mlcv2/WorkingSpace/Personal/quannh/Project/Project/Track4_AIC_FishEyecamera/code/model/DEIM/sanity_check.cpp:82:69: error: expression list treated as compound expression in initializer [-fpermissive]
   82 |             nvinfer1::createInferRuntime(gLogger), nvinfer1::destroy);
      |                                                                     ^
/mlcv2/WorkingSpace/Personal/quannh/Project/Project/Track4_AIC_FishEyecamera/code/model/DEIM/sanity_check.cpp:89:16: error: request for member 'reset' in '((TensorRTEngine*)this)->TensorRTEngine::engine', which is of non-class type 'int'
   89 |         engine.reset(runtime->deserializeCudaEngine(engineData.data(), size));
      |                ^~~~~
/mlcv2/WorkingSpace/Personal/quannh/Project/Project/Track4_AIC_FishEyecamera/code/model/DEIM/sanity_check.cpp:89:29: error: base operand of '->' is not a pointer
   89 |         engine.reset(runtime->deserializeCudaEngine(engineData.data(), size));
      |                             ^~
/mlcv2/WorkingSpace/Personal/quannh/Project/Project/Track4_AIC_FishEyecamera/code/model/DEIM/sanity_check.cpp:96:17: error: request for member 'reset' in '((TensorRTEngine*)this)->TensorRTEngine::context', which is of non-class type 'int'
   96 |         context.reset(engine->createExecutionContext());
      |                 ^~~~~
/mlcv2/WorkingSpace/Personal/quannh/Project/Project/Track4_AIC_FishEyecamera/code/model/DEIM/sanity_check.cpp:96:29: error: base operand of '->' is not a pointer
   96 |         context.reset(engine->createExecutionContext());
      |                             ^~
/mlcv2/WorkingSpace/Personal/quannh/Project/Project/Track4_AIC_FishEyecamera/code/model/DEIM/sanity_check.cpp:103:34: error: base operand of '->' is not a pointer
  103 |         int num_bindings = engine->getNbBindings();
      |                                  ^~
/mlcv2/WorkingSpace/Personal/quannh/Project/Project/Track4_AIC_FishEyecamera/code/model/DEIM/sanity_check.cpp:107:23: error: base operand of '->' is not a pointer
  107 |             if (engine->bindingIsInput(i)) {
      |                       ^~
/mlcv2/WorkingSpace/Personal/quannh/Project/Project/Track4_AIC_FishEyecamera/code/model/DEIM/sanity_check.cpp:111:45: error: base operand of '->' is not a pointer
  111 |                 nvinfer1::Dims dims = engine->getBindingDimensions(i);
      |                                             ^~
/mlcv2/WorkingSpace/Personal/quannh/Project/Project/Track4_AIC_FishEyecamera/code/model/DEIM/sanity_check.cpp:125:45: error: base operand of '->' is not a pointer
  125 |                 nvinfer1::Dims dims = engine->getBindingDimensions(i);
      |                                             ^~
/mlcv2/WorkingSpace/Personal/quannh/Project/Project/Track4_AIC_FishEyecamera/code/model/DEIM/sanity_check.cpp: In member function 'at::Tensor TensorRTEngine::predict(const at::Tensor&, cudaStream_t)':
/mlcv2/WorkingSpace/Personal/quannh/Project/Project/Track4_AIC_FishEyecamera/code/model/DEIM/sanity_check.cpp:151:16: error: base operand of '->' is not a pointer
  151 |         context->enqueueV2(buffers.data(), stream, nullptr);
      |                ^~
make[2]: *** [CMakeFiles/sanity_check.dir/build.make:79: CMakeFiles/sanity_check.dir/sanity_check.cpp.o] Error 1
make[1]: *** [CMakeFiles/Makefile2:87: CMakeFiles/sanity_check.dir/all] Error 2
make: *** [Makefile:91: all] Error 2
