Initializing TensorRT engine from /mlcv2/WorkingSpace/Personal/quannh/Project/Project/Track4_AIC_FishEyecamera/ntmk/DEIM/normal.checkpoint0047.engine
Processing images from /mlcv2/WorkingSpace/Personal/quannh/Project/Project/Track4_AIC_FishEyecamera/ntmk/sample
tensor([[[0.0549, 0.0549, 0.0549,  ..., 0.0275, 0.0275, 0.0275],
         [0.0549, 0.0549, 0.0549,  ..., 0.0275, 0.0275, 0.0275],
         [0.0549, 0.0549, 0.0549,  ..., 0.0353, 0.0353, 0.0353],
         ...,
         [0.0392, 0.0392, 0.0392,  ..., 0.0275, 0.0275, 0.0275],
         [0.0392, 0.0392, 0.0392,  ..., 0.0275, 0.0275, 0.0275],
         [0.0392, 0.0392, 0.0392,  ..., 0.0275, 0.0275, 0.0275]],

        [[0.0275, 0.0275, 0.0275,  ..., 0.0157, 0.0157, 0.0157],
         [0.0275, 0.0275, 0.0275,  ..., 0.0157, 0.0157, 0.0157],
         [0.0275, 0.0275, 0.0275,  ..., 0.0235, 0.0235, 0.0235],
         ...,
         [0.0275, 0.0275, 0.0275,  ..., 0.0196, 0.0196, 0.0196],
         [0.0275, 0.0275, 0.0275,  ..., 0.0196, 0.0196, 0.0196],
         [0.0275, 0.0275, 0.0275,  ..., 0.0196, 0.0196, 0.0196]],

        [[0.0392, 0.0392, 0.0392,  ..., 0.0314, 0.0314, 0.0314],
         [0.0392, 0.0392, 0.0392,  ..., 0.0314, 0.0314, 0.0314],
         [0.0392, 0.0392, 0.0392,  ..., 0.0392, 0.0392, 0.0392],
         ...,
         [0.0431, 0.0431, 0.0510,  ..., 0.0235, 0.0235, 0.0235],
         [0.0431, 0.0431, 0.0510,  ..., 0.0235, 0.0235, 0.0235],
         [0.0431, 0.0431, 0.0510,  ..., 0.0235, 0.0235, 0.0235]]],
       device='cuda:0')
tensor([[[0.0549, 0.0549, 0.0549,  ..., 0.0353, 0.0353, 0.0353],
         [0.0549, 0.0549, 0.0549,  ..., 0.0353, 0.0353, 0.0353],
         [0.0549, 0.0549, 0.0549,  ..., 0.0353, 0.0353, 0.0353],
         ...,
         [0.0471, 0.0471, 0.0471,  ..., 0.0235, 0.0235, 0.0235],
         [0.0471, 0.0471, 0.0471,  ..., 0.0235, 0.0235, 0.0235],
         [0.0471, 0.0471, 0.0471,  ..., 0.0235, 0.0235, 0.0235]],

        [[0.0275, 0.0275, 0.0275,  ..., 0.0157, 0.0157, 0.0157],
         [0.0275, 0.0275, 0.0275,  ..., 0.0157, 0.0157, 0.0157],
         [0.0275, 0.0275, 0.0275,  ..., 0.0157, 0.0157, 0.0157],
         ...,
         [0.0235, 0.0235, 0.0275,  ..., 0.0235, 0.0235, 0.0235],
         [0.0235, 0.0235, 0.0275,  ..., 0.0235, 0.0235, 0.0235],
         [0.0235, 0.0235, 0.0235,  ..., 0.0235, 0.0235, 0.0235]],

        [[0.0392, 0.0392, 0.0392,  ..., 0.0235, 0.0235, 0.0235],
         [0.0392, 0.0392, 0.0392,  ..., 0.0235, 0.0235, 0.0235],
         [0.0392, 0.0392, 0.0392,  ..., 0.0235, 0.0235, 0.0235],
         ...,
         [0.0431, 0.0431, 0.0353,  ..., 0.0235, 0.0235, 0.0235],
         [0.0431, 0.0431, 0.0353,  ..., 0.0235, 0.0235, 0.0235],
         [0.0431, 0.0431, 0.0431,  ..., 0.0235, 0.0235, 0.0235]]],
       device='cuda:0')
tensor([[[0.0588, 0.0549, 0.0510,  ..., 0.0431, 0.0431, 0.0431],
         [0.0588, 0.0549, 0.0549,  ..., 0.0431, 0.0431, 0.0431],
         [0.0588, 0.0549, 0.0549,  ..., 0.0392, 0.0392, 0.0392],
         ...,
         [0.0471, 0.0471, 0.0510,  ..., 0.0235, 0.0235, 0.0235],
         [0.0471, 0.0471, 0.0510,  ..., 0.0235, 0.0235, 0.0235],
         [0.0471, 0.0471, 0.0510,  ..., 0.0235, 0.0235, 0.0235]],

        [[0.0392, 0.0353, 0.0314,  ..., 0.0196, 0.0196, 0.0196],
         [0.0392, 0.0353, 0.0353,  ..., 0.0235, 0.0235, 0.0235],
         [0.0392, 0.0353, 0.0353,  ..., 0.0235, 0.0235, 0.0235],
         ...,
         [0.0275, 0.0314, 0.0275,  ..., 0.0196, 0.0196, 0.0196],
         [0.0275, 0.0275, 0.0275,  ..., 0.0196, 0.0196, 0.0196],
         [0.0235, 0.0235, 0.0275,  ..., 0.0196, 0.0196, 0.0196]],

        [[0.0471, 0.0431, 0.0392,  ..., 0.0392, 0.0392, 0.0392],
         [0.0471, 0.0431, 0.0431,  ..., 0.0314, 0.0314, 0.0314],
         [0.0471, 0.0431, 0.0431,  ..., 0.0314, 0.0314, 0.0314],
         ...,
         [0.0353, 0.0353, 0.0471,  ..., 0.0314, 0.0314, 0.0314],
         [0.0353, 0.0392, 0.0471,  ..., 0.0314, 0.0314, 0.0314],
         [0.0431, 0.0431, 0.0549,  ..., 0.0314, 0.0314, 0.0314]]],
       device='cuda:0')
tensor([[[0.0431, 0.0431, 0.0431,  ..., 0.0353, 0.0353, 0.0353],
         [0.0392, 0.0392, 0.0392,  ..., 0.0353, 0.0353, 0.0353],
         [0.0392, 0.0392, 0.0392,  ..., 0.0353, 0.0353, 0.0353],
         ...,
         [0.0471, 0.0471, 0.0471,  ..., 0.0275, 0.0275, 0.0275],
         [0.0471, 0.0471, 0.0471,  ..., 0.0235, 0.0235, 0.0235],
         [0.0471, 0.0471, 0.0471,  ..., 0.0235, 0.0235, 0.0235]],

        [[0.0353, 0.0353, 0.0353,  ..., 0.0157, 0.0157, 0.0157],
         [0.0392, 0.0392, 0.0392,  ..., 0.0157, 0.0157, 0.0157],
         [0.0392, 0.0392, 0.0392,  ..., 0.0157, 0.0157, 0.0157],
         ...,
         [0.0235, 0.0235, 0.0235,  ..., 0.0196, 0.0196, 0.0196],
         [0.0235, 0.0235, 0.0235,  ..., 0.0235, 0.0235, 0.0235],
         [0.0235, 0.0235, 0.0235,  ..., 0.0235, 0.0235, 0.0235]],

        [[0.0392, 0.0392, 0.0392,  ..., 0.0235, 0.0235, 0.0235],
         [0.0392, 0.0392, 0.0392,  ..., 0.0235, 0.0235, 0.0235],
         [0.0392, 0.0392, 0.0392,  ..., 0.0235, 0.0235, 0.0235],
         ...,
         [0.0431, 0.0431, 0.0431,  ..., 0.0235, 0.0235, 0.0235],
         [0.0431, 0.0431, 0.0431,  ..., 0.0235, 0.0235, 0.0235],
         [0.0431, 0.0431, 0.0431,  ..., 0.0235, 0.0235, 0.0235]]],
       device='cuda:0')
tensor([[[0.0667, 0.0667, 0.0549,  ..., 0.0431, 0.0431, 0.0431],
         [0.0667, 0.0667, 0.0588,  ..., 0.0431, 0.0431, 0.0431],
         [0.0667, 0.0667, 0.0627,  ..., 0.0392, 0.0392, 0.0392],
         ...,
         [0.0471, 0.0471, 0.0471,  ..., 0.0275, 0.0235, 0.0314],
         [0.0471, 0.0471, 0.0471,  ..., 0.0275, 0.0235, 0.0314],
         [0.0471, 0.0471, 0.0471,  ..., 0.0275, 0.0235, 0.0314]],

        [[0.0392, 0.0392, 0.0275,  ..., 0.0196, 0.0196, 0.0196],
         [0.0392, 0.0392, 0.0314,  ..., 0.0235, 0.0235, 0.0235],
         [0.0392, 0.0392, 0.0353,  ..., 0.0235, 0.0235, 0.0235],
         ...,
         [0.0275, 0.0275, 0.0275,  ..., 0.0275, 0.0235, 0.0314],
         [0.0275, 0.0275, 0.0275,  ..., 0.0275, 0.0235, 0.0314],
         [0.0235, 0.0235, 0.0235,  ..., 0.0275, 0.0235, 0.0314]],

        [[0.0510, 0.0510, 0.0392,  ..., 0.0392, 0.0392, 0.0392],
         [0.0510, 0.0510, 0.0431,  ..., 0.0314, 0.0314, 0.0314],
         [0.0510, 0.0510, 0.0471,  ..., 0.0314, 0.0314, 0.0314],
         ...,
         [0.0353, 0.0353, 0.0353,  ..., 0.0275, 0.0235, 0.0314],
         [0.0353, 0.0353, 0.0353,  ..., 0.0275, 0.0235, 0.0314],
         [0.0431, 0.0431, 0.0431,  ..., 0.0275, 0.0235, 0.0314]]],
       device='cuda:0')
tensor([[[0.0745, 0.0667, 0.0745,  ..., 0.0392, 0.0392, 0.0392],
         [0.0745, 0.0745, 0.0745,  ..., 0.0392, 0.0392, 0.0392],
         [0.0745, 0.0745, 0.0745,  ..., 0.0392, 0.0392, 0.0392],
         ...,
         [0.0588, 0.0588, 0.0588,  ..., 0.0392, 0.0353, 0.0314],
         [0.0588, 0.0588, 0.0588,  ..., 0.0392, 0.0314, 0.0314],
         [0.0588, 0.0588, 0.0588,  ..., 0.0392, 0.0314, 0.0314]],

        [[0.0471, 0.0392, 0.0471,  ..., 0.0314, 0.0314, 0.0314],
         [0.0471, 0.0471, 0.0471,  ..., 0.0314, 0.0314, 0.0314],
         [0.0471, 0.0471, 0.0471,  ..., 0.0314, 0.0314, 0.0314],
         ...,
         [0.0275, 0.0275, 0.0314,  ..., 0.0392, 0.0353, 0.0314],
         [0.0275, 0.0275, 0.0314,  ..., 0.0392, 0.0314, 0.0314],
         [0.0275, 0.0275, 0.0314,  ..., 0.0392, 0.0314, 0.0314]],

        [[0.0588, 0.0510, 0.0588,  ..., 0.0353, 0.0353, 0.0353],
         [0.0588, 0.0588, 0.0588,  ..., 0.0353, 0.0353, 0.0353],
         [0.0588, 0.0588, 0.0588,  ..., 0.0353, 0.0353, 0.0353],
         ...,
         [0.0510, 0.0510, 0.0314,  ..., 0.0392, 0.0353, 0.0314],
         [0.0510, 0.0510, 0.0314,  ..., 0.0392, 0.0314, 0.0314],
         [0.0510, 0.0510, 0.0314,  ..., 0.0392, 0.0314, 0.0314]]],
       device='cuda:0')
tensor([[[0.0667, 0.0667, 0.0667,  ..., 0.0510, 0.0510, 0.0510],
         [0.0667, 0.0667, 0.0667,  ..., 0.0510, 0.0510, 0.0510],
         [0.0667, 0.0667, 0.0667,  ..., 0.0510, 0.0510, 0.0510],
         ...,
         [0.0588, 0.0588, 0.0588,  ..., 0.0353, 0.0353, 0.0353],
         [0.0667, 0.0667, 0.0627,  ..., 0.0353, 0.0353, 0.0353],
         [0.0667, 0.0667, 0.0627,  ..., 0.0353, 0.0353, 0.0353]],

        [[0.0392, 0.0392, 0.0392,  ..., 0.0314, 0.0314, 0.0314],
         [0.0392, 0.0392, 0.0392,  ..., 0.0314, 0.0314, 0.0314],
         [0.0392, 0.0392, 0.0392,  ..., 0.0314, 0.0314, 0.0314],
         ...,
         [0.0314, 0.0314, 0.0392,  ..., 0.0275, 0.0275, 0.0275],
         [0.0275, 0.0275, 0.0353,  ..., 0.0275, 0.0275, 0.0275],
         [0.0275, 0.0275, 0.0353,  ..., 0.0275, 0.0275, 0.0275]],

        [[0.0510, 0.0510, 0.0510,  ..., 0.0275, 0.0275, 0.0275],
         [0.0510, 0.0510, 0.0510,  ..., 0.0275, 0.0275, 0.0275],
         [0.0510, 0.0510, 0.0510,  ..., 0.0275, 0.0275, 0.0275],
         ...,
         [0.0431, 0.0431, 0.0471,  ..., 0.0314, 0.0314, 0.0314],
         [0.0431, 0.0431, 0.0471,  ..., 0.0314, 0.0314, 0.0314],
         [0.0431, 0.0431, 0.0471,  ..., 0.0314, 0.0314, 0.0314]]],
       device='cuda:0')
tensor([[[0.0745, 0.0745, 0.0745,  ..., 0.0549, 0.0549, 0.0549],
         [0.0745, 0.0745, 0.0745,  ..., 0.0549, 0.0549, 0.0549],
         [0.0745, 0.0745, 0.0745,  ..., 0.0549, 0.0549, 0.0549],
         ...,
         [0.0667, 0.0667, 0.0667,  ..., 0.0471, 0.0471, 0.0510],
         [0.0667, 0.0667, 0.0667,  ..., 0.0471, 0.0471, 0.0510],
         [0.0667, 0.0667, 0.0667,  ..., 0.0471, 0.0471, 0.0510]],

        [[0.0549, 0.0549, 0.0549,  ..., 0.0275, 0.0275, 0.0275],
         [0.0549, 0.0549, 0.0549,  ..., 0.0275, 0.0275, 0.0275],
         [0.0549, 0.0549, 0.0549,  ..., 0.0275, 0.0275, 0.0275],
         ...,
         [0.0353, 0.0353, 0.0392,  ..., 0.0392, 0.0392, 0.0392],
         [0.0353, 0.0353, 0.0392,  ..., 0.0392, 0.0392, 0.0392],
         [0.0353, 0.0353, 0.0353,  ..., 0.0392, 0.0392, 0.0392]],

        [[0.0627, 0.0627, 0.0627,  ..., 0.0392, 0.0392, 0.0392],
         [0.0627, 0.0627, 0.0627,  ..., 0.0392, 0.0392, 0.0392],
         [0.0627, 0.0627, 0.0627,  ..., 0.0392, 0.0392, 0.0392],
         ...,
         [0.0667, 0.0627, 0.0510,  ..., 0.0431, 0.0431, 0.0431],
         [0.0667, 0.0627, 0.0549,  ..., 0.0431, 0.0431, 0.0431],
         [0.0667, 0.0627, 0.0549,  ..., 0.0431, 0.0431, 0.0431]]],
       device='cuda:0')
tensor([[[0.0667, 0.0667, 0.0667,  ..., 0.0471, 0.0471, 0.0510],
         [0.0667, 0.0667, 0.0667,  ..., 0.0471, 0.0471, 0.0510],
         [0.0667, 0.0667, 0.0667,  ..., 0.0471, 0.0471, 0.0510],
         ...,
         [0.0549, 0.0549, 0.0549,  ..., 0.0392, 0.0353, 0.0353],
         [0.0549, 0.0549, 0.0549,  ..., 0.0392, 0.0353, 0.0353],
         [0.0549, 0.0549, 0.0549,  ..., 0.0392, 0.0353, 0.0353]],

        [[0.0392, 0.0392, 0.0392,  ..., 0.0275, 0.0275, 0.0314],
         [0.0392, 0.0392, 0.0392,  ..., 0.0275, 0.0275, 0.0314],
         [0.0392, 0.0392, 0.0392,  ..., 0.0275, 0.0275, 0.0314],
         ...,
         [0.0314, 0.0314, 0.0314,  ..., 0.0314, 0.0275, 0.0314],
         [0.0314, 0.0314, 0.0314,  ..., 0.0314, 0.0275, 0.0275],
         [0.0314, 0.0314, 0.0314,  ..., 0.0314, 0.0275, 0.0275]],

        [[0.0510, 0.0510, 0.0510,  ..., 0.0353, 0.0353, 0.0392],
         [0.0510, 0.0510, 0.0510,  ..., 0.0392, 0.0353, 0.0392],
         [0.0510, 0.0510, 0.0510,  ..., 0.0353, 0.0314, 0.0392],
         ...,
         [0.0510, 0.0510, 0.0510,  ..., 0.0353, 0.0314, 0.0314],
         [0.0510, 0.0510, 0.0510,  ..., 0.0353, 0.0314, 0.0314],
         [0.0510, 0.0510, 0.0510,  ..., 0.0353, 0.0314, 0.0314]]],
       device='cuda:0')
tensor([[[0.0627, 0.0627, 0.0627,  ..., 0.0549, 0.0549, 0.0549],
         [0.0627, 0.0627, 0.0627,  ..., 0.0549, 0.0549, 0.0549],
         [0.0627, 0.0627, 0.0627,  ..., 0.0549, 0.0549, 0.0549],
         ...,
         [0.0627, 0.0627, 0.0627,  ..., 0.0431, 0.0431, 0.0431],
         [0.0627, 0.0627, 0.0627,  ..., 0.0431, 0.0431, 0.0431],
         [0.0627, 0.0627, 0.0627,  ..., 0.0431, 0.0431, 0.0431]],

        [[0.0431, 0.0431, 0.0431,  ..., 0.0353, 0.0353, 0.0353],
         [0.0431, 0.0431, 0.0431,  ..., 0.0353, 0.0353, 0.0353],
         [0.0431, 0.0431, 0.0431,  ..., 0.0353, 0.0353, 0.0353],
         ...,
         [0.0314, 0.0314, 0.0353,  ..., 0.0353, 0.0353, 0.0353],
         [0.0314, 0.0314, 0.0353,  ..., 0.0353, 0.0353, 0.0353],
         [0.0314, 0.0314, 0.0353,  ..., 0.0353, 0.0353, 0.0353]],

        [[0.0510, 0.0510, 0.0510,  ..., 0.0314, 0.0314, 0.0314],
         [0.0510, 0.0510, 0.0510,  ..., 0.0314, 0.0314, 0.0314],
         [0.0510, 0.0510, 0.0510,  ..., 0.0314, 0.0314, 0.0314],
         ...,
         [0.0549, 0.0549, 0.0471,  ..., 0.0392, 0.0392, 0.0392],
         [0.0549, 0.0549, 0.0471,  ..., 0.0392, 0.0392, 0.0392],
         [0.0549, 0.0549, 0.0471,  ..., 0.0392, 0.0392, 0.0392]]],
       device='cuda:0')
tensor([[[0.0745, 0.0745, 0.0745,  ..., 0.0431, 0.0431, 0.0431],
         [0.0667, 0.0667, 0.0667,  ..., 0.0431, 0.0431, 0.0431],
         [0.0667, 0.0667, 0.0667,  ..., 0.0431, 0.0431, 0.0431],
         ...,
         [0.0627, 0.0588, 0.0588,  ..., 0.0392, 0.0392, 0.0431],
         [0.0627, 0.0588, 0.0588,  ..., 0.0392, 0.0392, 0.0431],
         [0.0627, 0.0588, 0.0588,  ..., 0.0392, 0.0392, 0.0431]],

        [[0.0353, 0.0353, 0.0353,  ..., 0.0353, 0.0353, 0.0353],
         [0.0392, 0.0392, 0.0392,  ..., 0.0353, 0.0353, 0.0353],
         [0.0392, 0.0392, 0.0392,  ..., 0.0353, 0.0353, 0.0353],
         ...,
         [0.0431, 0.0392, 0.0392,  ..., 0.0314, 0.0314, 0.0353],
         [0.0431, 0.0392, 0.0392,  ..., 0.0314, 0.0314, 0.0353],
         [0.0431, 0.0392, 0.0392,  ..., 0.0314, 0.0314, 0.0353]],

        [[0.0510, 0.0510, 0.0510,  ..., 0.0275, 0.0275, 0.0275],
         [0.0510, 0.0510, 0.0510,  ..., 0.0275, 0.0275, 0.0275],
         [0.0510, 0.0510, 0.0510,  ..., 0.0275, 0.0275, 0.0275],
         ...,
         [0.0510, 0.0471, 0.0471,  ..., 0.0353, 0.0353, 0.0392],
         [0.0510, 0.0471, 0.0471,  ..., 0.0353, 0.0353, 0.0392],
         [0.0510, 0.0471, 0.0471,  ..., 0.0353, 0.0353, 0.0392]]],
       device='cuda:0')
tensor([[[0.0745, 0.0745, 0.0745,  ..., 0.0431, 0.0431, 0.0431],
         [0.0745, 0.0745, 0.0745,  ..., 0.0431, 0.0431, 0.0431],
         [0.0745, 0.0745, 0.0745,  ..., 0.0431, 0.0431, 0.0431],
         ...,
         [0.0667, 0.0667, 0.0667,  ..., 0.0353, 0.0314, 0.0353],
         [0.0667, 0.0667, 0.0667,  ..., 0.0314, 0.0314, 0.0392],
         [0.0667, 0.0667, 0.0667,  ..., 0.0353, 0.0392, 0.0431]],

        [[0.0471, 0.0471, 0.0471,  ..., 0.0353, 0.0353, 0.0353],
         [0.0471, 0.0471, 0.0471,  ..., 0.0353, 0.0353, 0.0353],
         [0.0471, 0.0471, 0.0471,  ..., 0.0353, 0.0353, 0.0353],
         ...,
         [0.0392, 0.0392, 0.0392,  ..., 0.0353, 0.0314, 0.0353],
         [0.0392, 0.0392, 0.0392,  ..., 0.0314, 0.0314, 0.0392],
         [0.0392, 0.0392, 0.0392,  ..., 0.0353, 0.0392, 0.0431]],

        [[0.0588, 0.0588, 0.0588,  ..., 0.0392, 0.0392, 0.0392],
         [0.0588, 0.0588, 0.0588,  ..., 0.0392, 0.0392, 0.0392],
         [0.0588, 0.0588, 0.0588,  ..., 0.0392, 0.0392, 0.0392],
         ...,
         [0.0510, 0.0510, 0.0510,  ..., 0.0353, 0.0314, 0.0353],
         [0.0510, 0.0510, 0.0510,  ..., 0.0314, 0.0314, 0.0392],
         [0.0510, 0.0510, 0.0510,  ..., 0.0353, 0.0392, 0.0431]]],
       device='cuda:0')
tensor([[[0.0745, 0.0745, 0.0745,  ..., 0.0549, 0.0549, 0.0549],
         [0.0745, 0.0745, 0.0745,  ..., 0.0549, 0.0549, 0.0549],
         [0.0745, 0.0745, 0.0745,  ..., 0.0549, 0.0549, 0.0549],
         ...,
         [0.0588, 0.0588, 0.0588,  ..., 0.0431, 0.0392, 0.0431],
         [0.0588, 0.0588, 0.0588,  ..., 0.0431, 0.0353, 0.0431],
         [0.0627, 0.0627, 0.0588,  ..., 0.0431, 0.0353, 0.0431]],

        [[0.0471, 0.0471, 0.0471,  ..., 0.0353, 0.0353, 0.0353],
         [0.0471, 0.0471, 0.0471,  ..., 0.0353, 0.0353, 0.0353],
         [0.0471, 0.0471, 0.0471,  ..., 0.0353, 0.0353, 0.0353],
         ...,
         [0.0392, 0.0392, 0.0392,  ..., 0.0431, 0.0392, 0.0431],
         [0.0392, 0.0392, 0.0392,  ..., 0.0431, 0.0353, 0.0431],
         [0.0431, 0.0431, 0.0392,  ..., 0.0431, 0.0353, 0.0431]],

        [[0.0588, 0.0588, 0.0588,  ..., 0.0314, 0.0314, 0.0314],
         [0.0588, 0.0588, 0.0588,  ..., 0.0314, 0.0314, 0.0314],
         [0.0588, 0.0588, 0.0588,  ..., 0.0314, 0.0314, 0.0314],
         ...,
         [0.0471, 0.0471, 0.0471,  ..., 0.0431, 0.0392, 0.0431],
         [0.0471, 0.0471, 0.0471,  ..., 0.0431, 0.0353, 0.0431],
         [0.0510, 0.0510, 0.0471,  ..., 0.0431, 0.0353, 0.0431]]],
       device='cuda:0')
tensor([[[0.0863, 0.0863, 0.0863,  ..., 0.0588, 0.0588, 0.0588],
         [0.0863, 0.0863, 0.0863,  ..., 0.0588, 0.0588, 0.0588],
         [0.0863, 0.0863, 0.0863,  ..., 0.0588, 0.0588, 0.0588],
         ...,
         [0.0667, 0.0667, 0.0667,  ..., 0.0431, 0.0431, 0.0431],
         [0.0667, 0.0667, 0.0667,  ..., 0.0431, 0.0431, 0.0431],
         [0.0667, 0.0667, 0.0667,  ..., 0.0431, 0.0431, 0.0431]],

        [[0.0471, 0.0471, 0.0471,  ..., 0.0314, 0.0314, 0.0314],
         [0.0471, 0.0471, 0.0471,  ..., 0.0314, 0.0314, 0.0314],
         [0.0471, 0.0471, 0.0471,  ..., 0.0314, 0.0314, 0.0314],
         ...,
         [0.0353, 0.0353, 0.0392,  ..., 0.0431, 0.0431, 0.0431],
         [0.0353, 0.0353, 0.0392,  ..., 0.0431, 0.0431, 0.0431],
         [0.0353, 0.0353, 0.0392,  ..., 0.0431, 0.0431, 0.0431]],

        [[0.0431, 0.0431, 0.0431,  ..., 0.0314, 0.0314, 0.0314],
         [0.0431, 0.0431, 0.0431,  ..., 0.0314, 0.0314, 0.0314],
         [0.0431, 0.0431, 0.0431,  ..., 0.0314, 0.0314, 0.0314],
         ...,
         [0.0588, 0.0588, 0.0510,  ..., 0.0431, 0.0431, 0.0431],
         [0.0667, 0.0627, 0.0510,  ..., 0.0431, 0.0431, 0.0431],
         [0.0667, 0.0627, 0.0510,  ..., 0.0431, 0.0431, 0.0431]]],
       device='cuda:0')
tensor([[[0.0784, 0.0784, 0.0784,  ..., 0.0510, 0.0510, 0.0510],
         [0.0784, 0.0784, 0.0784,  ..., 0.0510, 0.0510, 0.0510],
         [0.0784, 0.0784, 0.0784,  ..., 0.0471, 0.0471, 0.0471],
         ...,
         [0.0549, 0.0549, 0.0627,  ..., 0.0431, 0.0431, 0.0431],
         [0.0549, 0.0549, 0.0627,  ..., 0.0431, 0.0431, 0.0471],
         [0.0549, 0.0549, 0.0627,  ..., 0.0471, 0.0471, 0.0471]],

        [[0.0510, 0.0510, 0.0510,  ..., 0.0431, 0.0431, 0.0431],
         [0.0510, 0.0510, 0.0510,  ..., 0.0431, 0.0431, 0.0431],
         [0.0510, 0.0510, 0.0510,  ..., 0.0392, 0.0392, 0.0392],
         ...,
         [0.0471, 0.0471, 0.0549,  ..., 0.0431, 0.0431, 0.0431],
         [0.0471, 0.0471, 0.0549,  ..., 0.0431, 0.0431, 0.0471],
         [0.0471, 0.0471, 0.0549,  ..., 0.0471, 0.0471, 0.0471]],

        [[0.0627, 0.0627, 0.0627,  ..., 0.0471, 0.0471, 0.0471],
         [0.0627, 0.0627, 0.0627,  ..., 0.0471, 0.0471, 0.0471],
         [0.0627, 0.0627, 0.0627,  ..., 0.0431, 0.0431, 0.0431],
         ...,
         [0.0431, 0.0431, 0.0588,  ..., 0.0431, 0.0431, 0.0431],
         [0.0392, 0.0392, 0.0588,  ..., 0.0431, 0.0431, 0.0471],
         [0.0392, 0.0392, 0.0588,  ..., 0.0471, 0.0471, 0.0471]]],
       device='cuda:0')
tensor([[[0.0941, 0.0941, 0.0941,  ..., 0.0471, 0.0471, 0.0471],
         [0.0902, 0.0902, 0.0902,  ..., 0.0471, 0.0471, 0.0471],
         [0.0902, 0.0902, 0.0902,  ..., 0.0471, 0.0471, 0.0471],
         ...,
         [0.0431, 0.0471, 0.0510,  ..., 0.0471, 0.0471, 0.0471],
         [0.0392, 0.0431, 0.0431,  ..., 0.0471, 0.0471, 0.0471],
         [0.0471, 0.0392, 0.0392,  ..., 0.0431, 0.0471, 0.0471]],

        [[0.0471, 0.0471, 0.0471,  ..., 0.0353, 0.0353, 0.0353],
         [0.0510, 0.0510, 0.0510,  ..., 0.0353, 0.0353, 0.0353],
         [0.0510, 0.0510, 0.0510,  ..., 0.0353, 0.0353, 0.0353],
         ...,
         [0.0471, 0.0549, 0.0510,  ..., 0.0471, 0.0471, 0.0471],
         [0.0471, 0.0510, 0.0471,  ..., 0.0471, 0.0471, 0.0471],
         [0.0549, 0.0471, 0.0471,  ..., 0.0431, 0.0471, 0.0471]],

        [[0.0549, 0.0549, 0.0549,  ..., 0.0510, 0.0510, 0.0510],
         [0.0549, 0.0549, 0.0549,  ..., 0.0510, 0.0510, 0.0510],
         [0.0549, 0.0549, 0.0549,  ..., 0.0510, 0.0510, 0.0510],
         ...,
         [0.0353, 0.0431, 0.0471,  ..., 0.0471, 0.0471, 0.0471],
         [0.0353, 0.0392, 0.0431,  ..., 0.0471, 0.0471, 0.0471],
         [0.0431, 0.0353, 0.0431,  ..., 0.0431, 0.0471, 0.0471]]],
       device='cuda:0')
tensor([[[0.0863, 0.0863, 0.0863,  ..., 0.0431, 0.0431, 0.0431],
         [0.0863, 0.0863, 0.0863,  ..., 0.0431, 0.0431, 0.0431],
         [0.0863, 0.0863, 0.0863,  ..., 0.0431, 0.0431, 0.0431],
         ...,
         [0.0667, 0.0667, 0.0667,  ..., 0.0510, 0.0431, 0.0431],
         [0.0667, 0.0667, 0.0667,  ..., 0.0510, 0.0431, 0.0431],
         [0.0667, 0.0667, 0.0667,  ..., 0.0510, 0.0431, 0.0431]],

        [[0.0471, 0.0471, 0.0471,  ..., 0.0431, 0.0431, 0.0431],
         [0.0471, 0.0471, 0.0471,  ..., 0.0431, 0.0431, 0.0431],
         [0.0471, 0.0471, 0.0471,  ..., 0.0431, 0.0431, 0.0431],
         ...,
         [0.0392, 0.0392, 0.0392,  ..., 0.0431, 0.0431, 0.0431],
         [0.0392, 0.0392, 0.0392,  ..., 0.0431, 0.0431, 0.0431],
         [0.0392, 0.0392, 0.0392,  ..., 0.0431, 0.0431, 0.0431]],

        [[0.0627, 0.0627, 0.0627,  ..., 0.0314, 0.0314, 0.0314],
         [0.0627, 0.0627, 0.0627,  ..., 0.0314, 0.0314, 0.0314],
         [0.0627, 0.0627, 0.0627,  ..., 0.0314, 0.0314, 0.0314],
         ...,
         [0.0510, 0.0510, 0.0510,  ..., 0.0471, 0.0431, 0.0431],
         [0.0510, 0.0510, 0.0510,  ..., 0.0471, 0.0431, 0.0431],
         [0.0510, 0.0510, 0.0510,  ..., 0.0471, 0.0431, 0.0431]]],
       device='cuda:0')
tensor([[[0.0902, 0.0863, 0.0824,  ..., 0.0471, 0.0471, 0.0471],
         [0.0902, 0.0902, 0.0863,  ..., 0.0471, 0.0471, 0.0549],
         [0.0941, 0.0902, 0.0863,  ..., 0.0471, 0.0471, 0.0392],
         ...,
         [0.0627, 0.0627, 0.0549,  ..., 0.0471, 0.0471, 0.0471],
         [0.0627, 0.0627, 0.0549,  ..., 0.0471, 0.0471, 0.0471],
         [0.0627, 0.0627, 0.0549,  ..., 0.0471, 0.0471, 0.0471]],

        [[0.0510, 0.0471, 0.0431,  ..., 0.0431, 0.0431, 0.0431],
         [0.0510, 0.0510, 0.0471,  ..., 0.0431, 0.0431, 0.0510],
         [0.0549, 0.0510, 0.0471,  ..., 0.0431, 0.0431, 0.0353],
         ...,
         [0.0549, 0.0549, 0.0471,  ..., 0.0471, 0.0471, 0.0471],
         [0.0549, 0.0549, 0.0471,  ..., 0.0471, 0.0471, 0.0471],
         [0.0549, 0.0549, 0.0471,  ..., 0.0471, 0.0471, 0.0471]],

        [[0.0667, 0.0627, 0.0588,  ..., 0.0549, 0.0549, 0.0549],
         [0.0667, 0.0667, 0.0627,  ..., 0.0549, 0.0549, 0.0627],
         [0.0706, 0.0667, 0.0627,  ..., 0.0549, 0.0549, 0.0471],
         ...,
         [0.0588, 0.0588, 0.0392,  ..., 0.0471, 0.0471, 0.0471],
         [0.0588, 0.0588, 0.0392,  ..., 0.0471, 0.0471, 0.0471],
         [0.0588, 0.0588, 0.0392,  ..., 0.0471, 0.0471, 0.0471]]],
       device='cuda:0')
tensor([[[0.0941, 0.0863, 0.0863,  ..., 0.0471, 0.0471, 0.0471],
         [0.0980, 0.0941, 0.0902,  ..., 0.0471, 0.0431, 0.0392],
         [0.0941, 0.0980, 0.0902,  ..., 0.0471, 0.0392, 0.0431],
         ...,
         [0.0627, 0.0627, 0.0667,  ..., 0.0471, 0.0431, 0.0471],
         [0.0627, 0.0627, 0.0667,  ..., 0.0431, 0.0392, 0.0510],
         [0.0627, 0.0627, 0.0667,  ..., 0.0471, 0.0392, 0.0549]],

        [[0.0471, 0.0392, 0.0392,  ..., 0.0431, 0.0431, 0.0431],
         [0.0510, 0.0471, 0.0431,  ..., 0.0431, 0.0392, 0.0353],
         [0.0471, 0.0510, 0.0431,  ..., 0.0431, 0.0392, 0.0392],
         ...,
         [0.0431, 0.0431, 0.0392,  ..., 0.0471, 0.0431, 0.0471],
         [0.0431, 0.0431, 0.0392,  ..., 0.0431, 0.0392, 0.0510],
         [0.0431, 0.0431, 0.0392,  ..., 0.0471, 0.0392, 0.0549]],

        [[0.0549, 0.0471, 0.0471,  ..., 0.0549, 0.0549, 0.0549],
         [0.0588, 0.0549, 0.0510,  ..., 0.0549, 0.0510, 0.0471],
         [0.0510, 0.0588, 0.0510,  ..., 0.0549, 0.0471, 0.0510],
         ...,
         [0.0510, 0.0510, 0.0510,  ..., 0.0471, 0.0431, 0.0471],
         [0.0510, 0.0510, 0.0510,  ..., 0.0431, 0.0392, 0.0510],
         [0.0510, 0.0510, 0.0510,  ..., 0.0471, 0.0392, 0.0549]]],
       device='cuda:0')
tensor([[[0.0941, 0.0941, 0.0941,  ..., 0.0471, 0.0471, 0.0471],
         [0.0941, 0.0941, 0.0941,  ..., 0.0471, 0.0471, 0.0471],
         [0.0941, 0.0941, 0.0941,  ..., 0.0471, 0.0471, 0.0471],
         ...,
         [0.0627, 0.0549, 0.0549,  ..., 0.0431, 0.0431, 0.0431],
         [0.0627, 0.0549, 0.0549,  ..., 0.0431, 0.0431, 0.0431],
         [0.0627, 0.0549, 0.0549,  ..., 0.0431, 0.0392, 0.0431]],

        [[0.0471, 0.0471, 0.0471,  ..., 0.0392, 0.0392, 0.0392],
         [0.0471, 0.0471, 0.0471,  ..., 0.0392, 0.0392, 0.0392],
         [0.0471, 0.0471, 0.0471,  ..., 0.0392, 0.0392, 0.0392],
         ...,
         [0.0549, 0.0471, 0.0431,  ..., 0.0431, 0.0431, 0.0431],
         [0.0549, 0.0471, 0.0431,  ..., 0.0431, 0.0431, 0.0431],
         [0.0549, 0.0471, 0.0431,  ..., 0.0431, 0.0392, 0.0431]],

        [[0.0549, 0.0549, 0.0549,  ..., 0.0431, 0.0431, 0.0431],
         [0.0549, 0.0549, 0.0549,  ..., 0.0431, 0.0431, 0.0431],
         [0.0549, 0.0549, 0.0549,  ..., 0.0431, 0.0431, 0.0431],
         ...,
         [0.0549, 0.0510, 0.0588,  ..., 0.0431, 0.0431, 0.0431],
         [0.0588, 0.0510, 0.0667,  ..., 0.0431, 0.0431, 0.0431],
         [0.0588, 0.0510, 0.0667,  ..., 0.0431, 0.0392, 0.0431]]],
       device='cuda:0')
tensor([[[0.1137, 0.1176, 0.1020,  ..., 0.0431, 0.0471, 0.0392],
         [0.0941, 0.0784, 0.1059,  ..., 0.0431, 0.0392, 0.0431],
         [0.0863, 0.0902, 0.1020,  ..., 0.0431, 0.0392, 0.0471],
         ...,
         [0.0588, 0.0588, 0.0627,  ..., 0.0392, 0.0392, 0.0392],
         [0.0588, 0.0588, 0.0627,  ..., 0.0392, 0.0392, 0.0392],
         [0.0588, 0.0588, 0.0627,  ..., 0.0392, 0.0392, 0.0392]],

        [[0.0275, 0.0314, 0.0353,  ..., 0.0353, 0.0353, 0.0353],
         [0.0392, 0.0235, 0.0392,  ..., 0.0353, 0.0275, 0.0392],
         [0.0392, 0.0431, 0.0392,  ..., 0.0353, 0.0314, 0.0392],
         ...,
         [0.0431, 0.0431, 0.0431,  ..., 0.0392, 0.0392, 0.0392],
         [0.0392, 0.0392, 0.0431,  ..., 0.0392, 0.0392, 0.0392],
         [0.0392, 0.0392, 0.0431,  ..., 0.0392, 0.0392, 0.0392]],

        [[0.0392, 0.0431, 0.0392,  ..., 0.0392, 0.0549, 0.0196],
         [0.0392, 0.0235, 0.0431,  ..., 0.0392, 0.0510, 0.0235],
         [0.0392, 0.0431, 0.0431,  ..., 0.0392, 0.0471, 0.0235],
         ...,
         [0.0471, 0.0471, 0.0392,  ..., 0.0392, 0.0392, 0.0392],
         [0.0471, 0.0471, 0.0392,  ..., 0.0392, 0.0392, 0.0392],
         [0.0471, 0.0471, 0.0392,  ..., 0.0392, 0.0392, 0.0392]]],
       device='cuda:0')
tensor([[[0.0431, 0.0431, 0.0431,  ..., 0.0275, 0.0275, 0.0275],
         [0.0431, 0.0392, 0.0431,  ..., 0.0275, 0.0275, 0.0275],
         [0.0431, 0.0392, 0.0431,  ..., 0.0275, 0.0275, 0.0275],
         ...,
         [0.0471, 0.0471, 0.0471,  ..., 0.0431, 0.0392, 0.0392],
         [0.0471, 0.0471, 0.0471,  ..., 0.0431, 0.0431, 0.0431],
         [0.0471, 0.0471, 0.0471,  ..., 0.0431, 0.0431, 0.0431]],

        [[0.0510, 0.0510, 0.0510,  ..., 0.0314, 0.0314, 0.0314],
         [0.0510, 0.0471, 0.0510,  ..., 0.0314, 0.0314, 0.0314],
         [0.0510, 0.0471, 0.0510,  ..., 0.0314, 0.0314, 0.0314],
         ...,
         [0.0471, 0.0471, 0.0471,  ..., 0.0431, 0.0392, 0.0392],
         [0.0471, 0.0471, 0.0471,  ..., 0.0431, 0.0431, 0.0431],
         [0.0471, 0.0471, 0.0471,  ..., 0.0431, 0.0431, 0.0431]],

        [[0.0510, 0.0510, 0.0510,  ..., 0.0431, 0.0431, 0.0431],
         [0.0510, 0.0471, 0.0510,  ..., 0.0431, 0.0431, 0.0431],
         [0.0510, 0.0471, 0.0510,  ..., 0.0431, 0.0431, 0.0431],
         ...,
         [0.0471, 0.0471, 0.0353,  ..., 0.0314, 0.0275, 0.0314],
         [0.0471, 0.0471, 0.0353,  ..., 0.0431, 0.0431, 0.0431],
         [0.0471, 0.0471, 0.0353,  ..., 0.0431, 0.0431, 0.0431]]],
       device='cuda:0')
tensor([[[0.0824, 0.0824, 0.0824,  ..., 0.0275, 0.0392, 0.0392],
         [0.0824, 0.0824, 0.0824,  ..., 0.0275, 0.0392, 0.0392],
         [0.0863, 0.0745, 0.0824,  ..., 0.0275, 0.0392, 0.0431],
         ...,
         [0.0392, 0.0392, 0.0392,  ..., 0.0235, 0.0235, 0.0235],
         [0.0392, 0.0392, 0.0392,  ..., 0.0235, 0.0235, 0.0235],
         [0.0392, 0.0392, 0.0392,  ..., 0.0235, 0.0235, 0.0196]],

        [[0.0392, 0.0431, 0.0431,  ..., 0.0353, 0.0314, 0.0314],
         [0.0392, 0.0431, 0.0431,  ..., 0.0353, 0.0314, 0.0314],
         [0.0392, 0.0353, 0.0431,  ..., 0.0353, 0.0314, 0.0353],
         ...,
         [0.0392, 0.0392, 0.0353,  ..., 0.0314, 0.0314, 0.0314],
         [0.0392, 0.0392, 0.0353,  ..., 0.0314, 0.0314, 0.0314],
         [0.0392, 0.0392, 0.0353,  ..., 0.0314, 0.0314, 0.0275]],

        [[0.0627, 0.0588, 0.0588,  ..., 0.0235, 0.0157, 0.0157],
         [0.0627, 0.0588, 0.0588,  ..., 0.0235, 0.0157, 0.0157],
         [0.0627, 0.0510, 0.0588,  ..., 0.0235, 0.0157, 0.0196],
         ...,
         [0.0235, 0.0275, 0.0510,  ..., 0.0196, 0.0196, 0.0196],
         [0.0196, 0.0235, 0.0510,  ..., 0.0196, 0.0196, 0.0196],
         [0.0196, 0.0235, 0.0510,  ..., 0.0196, 0.0196, 0.0157]]],
       device='cuda:0')
tensor([[[0.0431, 0.0353, 0.0353,  ..., 0.0275, 0.0314, 0.0235],
         [0.0392, 0.0353, 0.0353,  ..., 0.0235, 0.0196, 0.0275],
         [0.0353, 0.0353, 0.0353,  ..., 0.0235, 0.0196, 0.0275],
         ...,
         [0.0392, 0.0392, 0.0392,  ..., 0.0314, 0.0314, 0.0314],
         [0.0392, 0.0392, 0.0392,  ..., 0.0314, 0.0314, 0.0314],
         [0.0392, 0.0392, 0.0392,  ..., 0.0314, 0.0314, 0.0314]],

        [[0.0431, 0.0353, 0.0353,  ..., 0.0314, 0.0353, 0.0275],
         [0.0392, 0.0353, 0.0353,  ..., 0.0275, 0.0235, 0.0314],
         [0.0353, 0.0353, 0.0353,  ..., 0.0275, 0.0235, 0.0314],
         ...,
         [0.0314, 0.0314, 0.0314,  ..., 0.0314, 0.0314, 0.0314],
         [0.0314, 0.0314, 0.0314,  ..., 0.0314, 0.0314, 0.0314],
         [0.0314, 0.0314, 0.0314,  ..., 0.0314, 0.0314, 0.0314]],

        [[0.0235, 0.0157, 0.0157,  ..., 0.0000, 0.0039, 0.0039],
         [0.0196, 0.0157, 0.0157,  ..., 0.0000, 0.0000, 0.0000],
         [0.0157, 0.0157, 0.0157,  ..., 0.0000, 0.0000, 0.0000],
         ...,
         [0.0157, 0.0157, 0.0157,  ..., 0.0118, 0.0118, 0.0118],
         [0.0157, 0.0157, 0.0157,  ..., 0.0118, 0.0118, 0.0118],
         [0.0157, 0.0157, 0.0157,  ..., 0.0118, 0.0118, 0.0118]]],
       device='cuda:0')
tensor([[[0.0667, 0.0627, 0.0627,  ..., 0.0353, 0.0353, 0.0392],
         [0.0667, 0.0627, 0.0627,  ..., 0.0353, 0.0392, 0.0392],
         [0.0667, 0.0667, 0.0667,  ..., 0.0353, 0.0392, 0.0353],
         ...,
         [0.0510, 0.0510, 0.0471,  ..., 0.0235, 0.0235, 0.0235],
         [0.0627, 0.0627, 0.0549,  ..., 0.0275, 0.0235, 0.0235],
         [0.0627, 0.0627, 0.0549,  ..., 0.0314, 0.0314, 0.0275]],

        [[0.0314, 0.0275, 0.0275,  ..., 0.0196, 0.0196, 0.0235],
         [0.0314, 0.0275, 0.0275,  ..., 0.0196, 0.0235, 0.0235],
         [0.0314, 0.0314, 0.0314,  ..., 0.0196, 0.0275, 0.0196],
         ...,
         [0.0275, 0.0275, 0.0196,  ..., 0.0196, 0.0235, 0.0235],
         [0.0235, 0.0235, 0.0157,  ..., 0.0235, 0.0275, 0.0275],
         [0.0235, 0.0235, 0.0157,  ..., 0.0314, 0.0235, 0.0314]],

        [[0.0157, 0.0118, 0.0118,  ..., 0.0000, 0.0000, 0.0000],
         [0.0157, 0.0118, 0.0118,  ..., 0.0000, 0.0000, 0.0000],
         [0.0157, 0.0157, 0.0157,  ..., 0.0000, 0.0000, 0.0000],
         ...,
         [0.0275, 0.0235, 0.0157,  ..., 0.0039, 0.0039, 0.0039],
         [0.0275, 0.0275, 0.0157,  ..., 0.0000, 0.0000, 0.0000],
         [0.0275, 0.0275, 0.0157,  ..., 0.0039, 0.0039, 0.0039]]],
       device='cuda:0')
tensor([[[0.0902, 0.0902, 0.0902,  ..., 0.0275, 0.0275, 0.0275],
         [0.0902, 0.0902, 0.0902,  ..., 0.0275, 0.0275, 0.0275],
         [0.0902, 0.0863, 0.0902,  ..., 0.0275, 0.0275, 0.0275],
         ...,
         [0.0157, 0.0157, 0.0157,  ..., 0.0078, 0.0039, 0.0078],
         [0.0118, 0.0118, 0.0118,  ..., 0.0078, 0.0039, 0.0078],
         [0.0118, 0.0118, 0.0118,  ..., 0.0078, 0.0039, 0.0078]],

        [[0.0275, 0.0275, 0.0275,  ..., 0.0196, 0.0196, 0.0196],
         [0.0275, 0.0275, 0.0275,  ..., 0.0196, 0.0196, 0.0196],
         [0.0275, 0.0235, 0.0275,  ..., 0.0196, 0.0196, 0.0196],
         ...,
         [0.0235, 0.0235, 0.0235,  ..., 0.0157, 0.0118, 0.0157],
         [0.0196, 0.0196, 0.0196,  ..., 0.0157, 0.0118, 0.0157],
         [0.0196, 0.0196, 0.0196,  ..., 0.0157, 0.0118, 0.0157]],

        [[0.0196, 0.0196, 0.0196,  ..., 0.0118, 0.0118, 0.0118],
         [0.0196, 0.0196, 0.0196,  ..., 0.0118, 0.0118, 0.0118],
         [0.0196, 0.0157, 0.0196,  ..., 0.0118, 0.0118, 0.0118],
         ...,
         [0.0039, 0.0039, 0.0039,  ..., 0.0000, 0.0000, 0.0000],
         [0.0000, 0.0000, 0.0000,  ..., 0.0000, 0.0000, 0.0000],
         [0.0000, 0.0000, 0.0000,  ..., 0.0039, 0.0000, 0.0039]]],
       device='cuda:0')
tensor([[[0.0235, 0.0235, 0.0235,  ..., 0.0118, 0.0118, 0.0118],
         [0.0235, 0.0235, 0.0235,  ..., 0.0118, 0.0118, 0.0118],
         [0.0235, 0.0235, 0.0235,  ..., 0.0118, 0.0118, 0.0196],
         ...,
         [0.0353, 0.0314, 0.0235,  ..., 0.0157, 0.0196, 0.0275],
         [0.0353, 0.0314, 0.0235,  ..., 0.0157, 0.0196, 0.0275],
         [0.0353, 0.0314, 0.0235,  ..., 0.0235, 0.0235, 0.0353]],

        [[0.0314, 0.0314, 0.0314,  ..., 0.0196, 0.0196, 0.0196],
         [0.0314, 0.0314, 0.0314,  ..., 0.0196, 0.0196, 0.0196],
         [0.0314, 0.0314, 0.0314,  ..., 0.0196, 0.0196, 0.0235],
         ...,
         [0.0353, 0.0314, 0.0235,  ..., 0.0078, 0.0118, 0.0196],
         [0.0353, 0.0314, 0.0235,  ..., 0.0078, 0.0118, 0.0196],
         [0.0353, 0.0314, 0.0235,  ..., 0.0157, 0.0157, 0.0275]],

        [[0.0196, 0.0196, 0.0196,  ..., 0.0078, 0.0078, 0.0078],
         [0.0196, 0.0196, 0.0196,  ..., 0.0078, 0.0078, 0.0078],
         [0.0196, 0.0196, 0.0196,  ..., 0.0078, 0.0078, 0.0118],
         ...,
         [0.0157, 0.0118, 0.0039,  ..., 0.0000, 0.0039, 0.0118],
         [0.0157, 0.0118, 0.0039,  ..., 0.0000, 0.0039, 0.0118],
         [0.0157, 0.0118, 0.0039,  ..., 0.0078, 0.0078, 0.0196]]],
       device='cuda:0')
tensor([[[0.0784, 0.0824, 0.0784,  ..., 0.0196, 0.0235, 0.0314],
         [0.0824, 0.0745, 0.0784,  ..., 0.0196, 0.0314, 0.0314],
         [0.0824, 0.0745, 0.0824,  ..., 0.0157, 0.0196, 0.0235],
         ...,
         [0.0196, 0.0196, 0.0235,  ..., 0.0118, 0.0118, 0.0078],
         [0.0196, 0.0196, 0.0235,  ..., 0.0118, 0.0118, 0.0118],
         [0.0196, 0.0196, 0.0235,  ..., 0.0157, 0.0157, 0.0118]],

        [[0.0235, 0.0275, 0.0275,  ..., 0.0196, 0.0235, 0.0314],
         [0.0275, 0.0235, 0.0275,  ..., 0.0196, 0.0314, 0.0314],
         [0.0275, 0.0196, 0.0235,  ..., 0.0157, 0.0196, 0.0235],
         ...,
         [0.0196, 0.0196, 0.0235,  ..., 0.0118, 0.0118, 0.0078],
         [0.0196, 0.0196, 0.0235,  ..., 0.0118, 0.0118, 0.0118],
         [0.0196, 0.0196, 0.0235,  ..., 0.0157, 0.0157, 0.0118]],

        [[0.0235, 0.0275, 0.0275,  ..., 0.0078, 0.0118, 0.0196],
         [0.0275, 0.0235, 0.0275,  ..., 0.0078, 0.0196, 0.0196],
         [0.0275, 0.0196, 0.0275,  ..., 0.0039, 0.0078, 0.0118],
         ...,
         [0.0078, 0.0078, 0.0118,  ..., 0.0000, 0.0000, 0.0000],
         [0.0078, 0.0078, 0.0118,  ..., 0.0000, 0.0000, 0.0000],
         [0.0078, 0.0078, 0.0118,  ..., 0.0039, 0.0039, 0.0000]]],
       device='cuda:0')
tensor([[[0.0667, 0.0745, 0.0745,  ..., 0.0118, 0.0118, 0.0275],
         [0.0627, 0.0549, 0.0471,  ..., 0.0118, 0.0118, 0.0275],
         [0.0667, 0.0588, 0.0627,  ..., 0.0118, 0.0118, 0.0275],
         ...,
         [0.0118, 0.0118, 0.0118,  ..., 0.0157, 0.0118, 0.0157],
         [0.0078, 0.0078, 0.0078,  ..., 0.0157, 0.0118, 0.0196],
         [0.0078, 0.0078, 0.0078,  ..., 0.0157, 0.0078, 0.0235]],

        [[0.0157, 0.0196, 0.0196,  ..., 0.0118, 0.0118, 0.0275],
         [0.0157, 0.0078, 0.0000,  ..., 0.0118, 0.0118, 0.0275],
         [0.0196, 0.0118, 0.0157,  ..., 0.0118, 0.0118, 0.0275],
         ...,
         [0.0196, 0.0196, 0.0196,  ..., 0.0157, 0.0118, 0.0196],
         [0.0157, 0.0157, 0.0157,  ..., 0.0157, 0.0118, 0.0196],
         [0.0157, 0.0157, 0.0157,  ..., 0.0157, 0.0078, 0.0235]],

        [[0.0157, 0.0196, 0.0196,  ..., 0.0118, 0.0118, 0.0275],
         [0.0157, 0.0078, 0.0000,  ..., 0.0118, 0.0118, 0.0275],
         [0.0196, 0.0118, 0.0157,  ..., 0.0118, 0.0118, 0.0275],
         ...,
         [0.0078, 0.0078, 0.0078,  ..., 0.0157, 0.0118, 0.0196],
         [0.0039, 0.0039, 0.0039,  ..., 0.0157, 0.0118, 0.0196],
         [0.0039, 0.0039, 0.0039,  ..., 0.0157, 0.0078, 0.0235]]],
       device='cuda:0')
tensor([[[0.0235, 0.0314, 0.0235,  ..., 0.0039, 0.0000, 0.0000],
         [0.0235, 0.0314, 0.0235,  ..., 0.0039, 0.0000, 0.0000],
         [0.0314, 0.0235, 0.0235,  ..., 0.0039, 0.0039, 0.0000],
         ...,
         [0.0157, 0.0157, 0.0157,  ..., 0.0000, 0.0000, 0.0078],
         [0.0157, 0.0157, 0.0157,  ..., 0.0000, 0.0000, 0.0078],
         [0.0157, 0.0157, 0.0157,  ..., 0.0000, 0.0000, 0.0078]],

        [[0.0235, 0.0314, 0.0235,  ..., 0.0118, 0.0078, 0.0078],
         [0.0235, 0.0314, 0.0235,  ..., 0.0078, 0.0078, 0.0078],
         [0.0314, 0.0235, 0.0235,  ..., 0.0078, 0.0118, 0.0078],
         ...,
         [0.0157, 0.0157, 0.0157,  ..., 0.0039, 0.0039, 0.0118],
         [0.0157, 0.0157, 0.0157,  ..., 0.0039, 0.0000, 0.0118],
         [0.0157, 0.0157, 0.0157,  ..., 0.0039, 0.0000, 0.0118]],

        [[0.0039, 0.0118, 0.0039,  ..., 0.0118, 0.0078, 0.0078],
         [0.0039, 0.0118, 0.0039,  ..., 0.0078, 0.0078, 0.0078],
         [0.0118, 0.0039, 0.0039,  ..., 0.0078, 0.0118, 0.0078],
         ...,
         [0.0157, 0.0157, 0.0157,  ..., 0.0157, 0.0118, 0.0235],
         [0.0157, 0.0157, 0.0157,  ..., 0.0157, 0.0118, 0.0235],
         [0.0157, 0.0157, 0.0157,  ..., 0.0157, 0.0118, 0.0235]]],
       device='cuda:0')
tensor([[[0.0863, 0.0824, 0.0392,  ..., 0.0039, 0.0039, 0.0039],
         [0.0863, 0.0784, 0.0353,  ..., 0.0039, 0.0039, 0.0039],
         [0.0863, 0.0784, 0.0353,  ..., 0.0039, 0.0039, 0.0039],
         ...,
         [0.0078, 0.0078, 0.0000,  ..., 0.0000, 0.0000, 0.0078],
         [0.0078, 0.0039, 0.0000,  ..., 0.0000, 0.0000, 0.0039],
         [0.0078, 0.0039, 0.0000,  ..., 0.0000, 0.0000, 0.0039]],

        [[0.0235, 0.0196, 0.0157,  ..., 0.0118, 0.0118, 0.0118],
         [0.0235, 0.0157, 0.0118,  ..., 0.0118, 0.0118, 0.0118],
         [0.0235, 0.0118, 0.0118,  ..., 0.0118, 0.0118, 0.0118],
         ...,
         [0.0157, 0.0118, 0.0157,  ..., 0.0078, 0.0078, 0.0157],
         [0.0157, 0.0118, 0.0157,  ..., 0.0078, 0.0078, 0.0118],
         [0.0157, 0.0118, 0.0157,  ..., 0.0039, 0.0039, 0.0078]],

        [[0.0157, 0.0118, 0.0000,  ..., 0.0000, 0.0000, 0.0000],
         [0.0157, 0.0078, 0.0000,  ..., 0.0000, 0.0000, 0.0000],
         [0.0157, 0.0039, 0.0000,  ..., 0.0000, 0.0000, 0.0000],
         ...,
         [0.0039, 0.0000, 0.0118,  ..., 0.0078, 0.0078, 0.0157],
         [0.0039, 0.0000, 0.0118,  ..., 0.0078, 0.0078, 0.0118],
         [0.0039, 0.0000, 0.0118,  ..., 0.0157, 0.0157, 0.0196]]],
       device='cuda:0')
tensor([[[0.0902, 0.0902, 0.0902,  ..., 0.0078, 0.0078, 0.0039],
         [0.0863, 0.0863, 0.0863,  ..., 0.0078, 0.0078, 0.0118],
         [0.0863, 0.0863, 0.0824,  ..., 0.0078, 0.0039, 0.0078],
         ...,
         [0.0235, 0.0235, 0.0235,  ..., 0.0157, 0.0078, 0.0157],
         [0.0235, 0.0235, 0.0235,  ..., 0.0196, 0.0157, 0.0275],
         [0.0235, 0.0235, 0.0235,  ..., 0.0196, 0.0157, 0.0275]],

        [[0.0157, 0.0157, 0.0157,  ..., 0.0157, 0.0157, 0.0118],
         [0.0196, 0.0196, 0.0196,  ..., 0.0157, 0.0157, 0.0196],
         [0.0196, 0.0196, 0.0157,  ..., 0.0157, 0.0118, 0.0157],
         ...,
         [0.0235, 0.0235, 0.0235,  ..., 0.0157, 0.0039, 0.0039],
         [0.0235, 0.0235, 0.0235,  ..., 0.0118, 0.0039, 0.0039],
         [0.0235, 0.0235, 0.0235,  ..., 0.0118, 0.0039, 0.0039]],

        [[0.0235, 0.0235, 0.0235,  ..., 0.0157, 0.0157, 0.0118],
         [0.0235, 0.0235, 0.0235,  ..., 0.0157, 0.0157, 0.0196],
         [0.0235, 0.0235, 0.0196,  ..., 0.0157, 0.0078, 0.0157],
         ...,
         [0.0235, 0.0235, 0.0235,  ..., 0.0157, 0.0118, 0.0196],
         [0.0235, 0.0235, 0.0235,  ..., 0.0157, 0.0118, 0.0235],
         [0.0235, 0.0235, 0.0235,  ..., 0.0157, 0.0118, 0.0235]]],
       device='cuda:0')
tensor([[[0.0824, 0.0745, 0.0745,  ..., 0.0118, 0.0118, 0.0118],
         [0.0745, 0.0706, 0.0745,  ..., 0.0118, 0.0118, 0.0118],
         [0.0706, 0.0627, 0.0706,  ..., 0.0118, 0.0118, 0.0118],
         ...,
         [0.0157, 0.0078, 0.0118,  ..., 0.0000, 0.0000, 0.0078],
         [0.0157, 0.0078, 0.0118,  ..., 0.0039, 0.0000, 0.0078],
         [0.0157, 0.0118, 0.0157,  ..., 0.0196, 0.0078, 0.0118]],

        [[0.0314, 0.0235, 0.0235,  ..., 0.0118, 0.0118, 0.0118],
         [0.0235, 0.0196, 0.0235,  ..., 0.0118, 0.0118, 0.0118],
         [0.0196, 0.0118, 0.0196,  ..., 0.0118, 0.0118, 0.0118],
         ...,
         [0.0157, 0.0078, 0.0118,  ..., 0.0000, 0.0000, 0.0039],
         [0.0157, 0.0078, 0.0118,  ..., 0.0000, 0.0000, 0.0039],
         [0.0157, 0.0118, 0.0157,  ..., 0.0157, 0.0039, 0.0078]],

        [[0.0196, 0.0118, 0.0118,  ..., 0.0118, 0.0118, 0.0118],
         [0.0118, 0.0078, 0.0118,  ..., 0.0118, 0.0118, 0.0118],
         [0.0078, 0.0039, 0.0078,  ..., 0.0118, 0.0118, 0.0118],
         ...,
         [0.0039, 0.0000, 0.0118,  ..., 0.0000, 0.0078, 0.0157],
         [0.0039, 0.0000, 0.0118,  ..., 0.0118, 0.0078, 0.0157],
         [0.0039, 0.0000, 0.0157,  ..., 0.0275, 0.0157, 0.0196]]],
       device='cuda:0')
tensor([[[0.0824, 0.0863, 0.0863,  ..., 0.0510, 0.0353, 0.0392],
         [0.0863, 0.0902, 0.0863,  ..., 0.0235, 0.0235, 0.0275],
         [0.0863, 0.0863, 0.0824,  ..., 0.0078, 0.0157, 0.0196],
         ...,
         [0.0039, 0.0000, 0.0000,  ..., 0.0078, 0.0078, 0.0118],
         [0.0000, 0.0000, 0.0000,  ..., 0.0078, 0.0078, 0.0118],
         [0.0118, 0.0039, 0.0039,  ..., 0.0078, 0.0118, 0.0157]],

        [[0.0157, 0.0196, 0.0196,  ..., 0.0000, 0.0000, 0.0000],
         [0.0235, 0.0275, 0.0235,  ..., 0.0039, 0.0000, 0.0000],
         [0.0235, 0.0235, 0.0196,  ..., 0.0078, 0.0000, 0.0000],
         ...,
         [0.0118, 0.0039, 0.0000,  ..., 0.0078, 0.0078, 0.0118],
         [0.0078, 0.0000, 0.0039,  ..., 0.0078, 0.0078, 0.0118],
         [0.0196, 0.0118, 0.0118,  ..., 0.0078, 0.0118, 0.0157]],

        [[0.0196, 0.0235, 0.0235,  ..., 0.0157, 0.0118, 0.0157],
         [0.0157, 0.0196, 0.0157,  ..., 0.0118, 0.0078, 0.0118],
         [0.0157, 0.0157, 0.0118,  ..., 0.0078, 0.0039, 0.0078],
         ...,
         [0.0000, 0.0000, 0.0000,  ..., 0.0078, 0.0078, 0.0118],
         [0.0000, 0.0000, 0.0000,  ..., 0.0078, 0.0078, 0.0118],
         [0.0078, 0.0000, 0.0000,  ..., 0.0078, 0.0118, 0.0157]]],
       device='cuda:0')
tensor([[[0.0941, 0.0902, 0.0824,  ..., 0.0157, 0.0157, 0.0235],
         [0.0784, 0.0745, 0.0706,  ..., 0.0118, 0.0118, 0.0196],
         [0.0745, 0.0667, 0.0706,  ..., 0.0078, 0.0078, 0.0157],
         ...,
         [0.0000, 0.0000, 0.0000,  ..., 0.0078, 0.0078, 0.0078],
         [0.0000, 0.0000, 0.0000,  ..., 0.0078, 0.0078, 0.0078],
         [0.0000, 0.0000, 0.0000,  ..., 0.0078, 0.0118, 0.0118]],

        [[0.0275, 0.0235, 0.0157,  ..., 0.0078, 0.0078, 0.0157],
         [0.0157, 0.0118, 0.0078,  ..., 0.0039, 0.0039, 0.0118],
         [0.0118, 0.0039, 0.0078,  ..., 0.0000, 0.0000, 0.0078],
         ...,
         [0.0078, 0.0078, 0.0078,  ..., 0.0078, 0.0078, 0.0078],
         [0.0078, 0.0078, 0.0078,  ..., 0.0078, 0.0078, 0.0078],
         [0.0078, 0.0078, 0.0078,  ..., 0.0078, 0.0118, 0.0118]],

        [[0.0314, 0.0275, 0.0196,  ..., 0.0000, 0.0000, 0.0000],
         [0.0078, 0.0039, 0.0039,  ..., 0.0078, 0.0000, 0.0000],
         [0.0039, 0.0000, 0.0039,  ..., 0.0039, 0.0000, 0.0000],
         ...,
         [0.0078, 0.0078, 0.0078,  ..., 0.0078, 0.0078, 0.0078],
         [0.0078, 0.0078, 0.0078,  ..., 0.0078, 0.0078, 0.0078],
         [0.0078, 0.0078, 0.0078,  ..., 0.0078, 0.0118, 0.0118]]],
       device='cuda:0')
tensor([[[0.0980, 0.0745, 0.0784,  ..., 0.0078, 0.0118, 0.0118],
         [0.1098, 0.0824, 0.0863,  ..., 0.0118, 0.0118, 0.0118],
         [0.0980, 0.0784, 0.0863,  ..., 0.0118, 0.0118, 0.0118],
         ...,
         [0.0157, 0.0118, 0.0118,  ..., 0.0078, 0.0078, 0.0078],
         [0.0275, 0.0275, 0.0196,  ..., 0.0078, 0.0078, 0.0078],
         [0.0275, 0.0275, 0.0196,  ..., 0.0118, 0.0118, 0.0118]],

        [[0.0000, 0.0157, 0.0118,  ..., 0.0000, 0.0039, 0.0039],
         [0.0000, 0.0118, 0.0118,  ..., 0.0039, 0.0039, 0.0039],
         [0.0000, 0.0078, 0.0118,  ..., 0.0039, 0.0039, 0.0039],
         ...,
         [0.0078, 0.0039, 0.0039,  ..., 0.0078, 0.0078, 0.0078],
         [0.0000, 0.0000, 0.0000,  ..., 0.0078, 0.0078, 0.0078],
         [0.0000, 0.0000, 0.0000,  ..., 0.0118, 0.0118, 0.0118]],

        [[0.0314, 0.0353, 0.0353,  ..., 0.0000, 0.0000, 0.0000],
         [0.0275, 0.0235, 0.0275,  ..., 0.0000, 0.0000, 0.0000],
         [0.0196, 0.0196, 0.0275,  ..., 0.0000, 0.0000, 0.0000],
         ...,
         [0.0000, 0.0000, 0.0000,  ..., 0.0000, 0.0078, 0.0078],
         [0.0000, 0.0000, 0.0000,  ..., 0.0000, 0.0078, 0.0078],
         [0.0000, 0.0000, 0.0000,  ..., 0.0000, 0.0118, 0.0118]]],
       device='cuda:0')
tensor([[[0.0941, 0.0824, 0.0745,  ..., 0.0000, 0.0078, 0.0118],
         [0.0863, 0.0824, 0.0784,  ..., 0.0000, 0.0039, 0.0157],
         [0.0784, 0.0824, 0.0784,  ..., 0.0000, 0.0039, 0.0196],
         ...,
         [0.0000, 0.0000, 0.0000,  ..., 0.0078, 0.0078, 0.0118],
         [0.0000, 0.0000, 0.0000,  ..., 0.0078, 0.0078, 0.0118],
         [0.0000, 0.0000, 0.0000,  ..., 0.0118, 0.0078, 0.0118]],

        [[0.0275, 0.0039, 0.0078,  ..., 0.0000, 0.0078, 0.0118],
         [0.0196, 0.0078, 0.0118,  ..., 0.0000, 0.0039, 0.0157],
         [0.0118, 0.0039, 0.0118,  ..., 0.0000, 0.0039, 0.0196],
         ...,
         [0.0000, 0.0000, 0.0000,  ..., 0.0078, 0.0078, 0.0118],
         [0.0000, 0.0000, 0.0000,  ..., 0.0078, 0.0078, 0.0118],
         [0.0000, 0.0000, 0.0000,  ..., 0.0118, 0.0078, 0.0118]],

        [[0.0392, 0.0196, 0.0196,  ..., 0.0000, 0.0078, 0.0118],
         [0.0314, 0.0235, 0.0235,  ..., 0.0000, 0.0039, 0.0157],
         [0.0235, 0.0196, 0.0235,  ..., 0.0000, 0.0039, 0.0157],
         ...,
         [0.0118, 0.0118, 0.0118,  ..., 0.0078, 0.0078, 0.0118],
         [0.0118, 0.0118, 0.0118,  ..., 0.0078, 0.0078, 0.0118],
         [0.0118, 0.0118, 0.0118,  ..., 0.0118, 0.0078, 0.0118]]],
       device='cuda:0')
